[2026-05-17 16:37:30] wait_and_launch_trossen started. threshold=25, poll=300 s
[2026-05-17 16:37:31] load_1m=39.40 (threshold=25)
[2026-05-17 16:42:31] load_1m=37.30 (threshold=25)
[2026-05-17 16:47:31] load_1m=43.74 (threshold=25)
[2026-05-17 16:52:32] load_1m=42.83 (threshold=25)
[2026-05-17 16:57:32] load_1m=36.64 (threshold=25)
[2026-05-17 17:02:32] load_1m=37.13 (threshold=25)
[2026-05-17 17:07:32] load_1m=37.87 (threshold=25)
[2026-05-17 17:12:32] load_1m=42.18 (threshold=25)
[2026-05-17 17:17:32] load_1m=41.60 (threshold=25)
[2026-05-17 17:22:32] load_1m=44.88 (threshold=25)
[2026-05-17 17:27:32] load_1m=38.68 (threshold=25)
[2026-05-17 17:32:32] load_1m=38.14 (threshold=25)
[2026-05-17 17:37:33] load_1m=42.02 (threshold=25)
[2026-05-17 17:42:33] load_1m=39.41 (threshold=25)
[2026-05-17 17:47:33] load_1m=41.35 (threshold=25)
[2026-05-17 17:52:33] load_1m=39.46 (threshold=25)
[2026-05-17 17:57:33] load_1m=39.43 (threshold=25)
[2026-05-17 18:02:33] load_1m=41.32 (threshold=25)
[2026-05-17 18:07:34] load_1m=39.81 (threshold=25)
[2026-05-17 18:12:34] load_1m=40.87 (threshold=25)
[2026-05-17 18:17:34] load_1m=42.63 (threshold=25)
[2026-05-17 18:22:34] load_1m=39.72 (threshold=25)
[2026-05-17 18:27:34] load_1m=40.61 (threshold=25)
[2026-05-17 18:32:34] load_1m=40.66 (threshold=25)
[2026-05-17 18:37:34] load_1m=40.29 (threshold=25)
[2026-05-17 18:42:34] load_1m=39.70 (threshold=25)
[2026-05-17 18:47:34] load_1m=40.56 (threshold=25)
[2026-05-17 18:52:34] load_1m=40.52 (threshold=25)
[2026-05-17 18:57:34] load_1m=39.48 (threshold=25)
[2026-05-17 19:02:34] load_1m=41.14 (threshold=25)
[2026-05-17 19:07:34] load_1m=41.07 (threshold=25)
[2026-05-17 19:12:34] load_1m=33.64 (threshold=25)
[2026-05-17 19:17:34] load_1m=8.07 (threshold=25)
[2026-05-17 19:17:34] load below threshold — launching training
[2026-05-17 19:17:34] docker exec issued (-d). Training runs in dywa_1.
[2026-05-17 19:17:34] Container-side log: /home/user/DyWA/output/trossen_pipeline/sanity.log
[2026-05-17 19:17:34] Host-side log:      /data/bruce/DyWA/output/trossen_pipeline/sanity.log
